<<<<<<< HEAD
[Sep 18 15:31:03] ERROR (NetworkInterface.java:141) - 
=======
[Sep 18 15:16:21] ERROR (NetworkInterface.java:141) - 
java.lang.NullPointerException
	at core.SimulationAgent.scheduleMeasurements(SimulationAgent.java:313)
	at core.SimulationAgent.start(SimulationAgent.java:112)
	at protopeer.Peer.startPeerlets(Peer.java:378)
	at protopeer.Peer.access$500(Peer.java:24)
	at protopeer.Peer$PeerNetworkListener.interfaceUp(Peer.java:70)
	at protopeer.network.NetworkInterface.fireInterfaceUp(NetworkInterface.java:137)
	at protopeer.network.NetworkInterface.bringUp(NetworkInterface.java:161)
	at protopeer.Peer.start(Peer.java:186)
	at protopeer.Experiment.startPeers(Experiment.java:205)
	at experiments.TestExperiment.main(TestExperiment.java:74)
[Sep 18 15:16:21] ERROR (NetworkInterface.java:141) - 
java.lang.NullPointerException
	at core.SimulationAgent.scheduleMeasurements(SimulationAgent.java:313)
	at core.SimulationAgent.start(SimulationAgent.java:112)
	at protopeer.Peer.startPeerlets(Peer.java:378)
	at protopeer.Peer.access$500(Peer.java:24)
	at protopeer.Peer$PeerNetworkListener.interfaceUp(Peer.java:70)
	at protopeer.network.NetworkInterface.fireInterfaceUp(NetworkInterface.java:137)
	at protopeer.network.NetworkInterface.bringUp(NetworkInterface.java:161)
	at protopeer.Peer.start(Peer.java:186)
	at protopeer.Experiment.startPeers(Experiment.java:205)
	at experiments.TestExperiment.main(TestExperiment.java:74)
[Sep 18 15:16:21] ERROR (NetworkInterface.java:141) - 
java.lang.NullPointerException
	at core.SimulationAgent.scheduleMeasurements(SimulationAgent.java:313)
	at core.SimulationAgent.start(SimulationAgent.java:112)
	at protopeer.Peer.startPeerlets(Peer.java:378)
	at protopeer.Peer.access$500(Peer.java:24)
	at protopeer.Peer$PeerNetworkListener.interfaceUp(Peer.java:70)
	at protopeer.network.NetworkInterface.fireInterfaceUp(NetworkInterface.java:137)
	at protopeer.network.NetworkInterface.bringUp(NetworkInterface.java:161)
	at protopeer.Peer.start(Peer.java:186)
	at protopeer.Experiment.startPeers(Experiment.java:205)
	at experiments.TestExperiment.main(TestExperiment.java:74)
[Sep 18 15:16:21] ERROR (NetworkInterface.java:141) - 
java.lang.NullPointerException
	at core.SimulationAgent.scheduleMeasurements(SimulationAgent.java:313)
	at core.SimulationAgent.start(SimulationAgent.java:112)
	at protopeer.Peer.startPeerlets(Peer.java:378)
	at protopeer.Peer.access$500(Peer.java:24)
	at protopeer.Peer$PeerNetworkListener.interfaceUp(Peer.java:70)
	at protopeer.network.NetworkInterface.fireInterfaceUp(NetworkInterface.java:137)
	at protopeer.network.NetworkInterface.bringUp(NetworkInterface.java:161)
	at protopeer.Peer.start(Peer.java:186)
	at protopeer.Experiment.startPeers(Experiment.java:205)
	at experiments.TestExperiment.main(TestExperiment.java:74)
[Sep 18 15:16:21] ERROR (NetworkInterface.java:141) - 
java.lang.NullPointerException
	at core.SimulationAgent.scheduleMeasurements(SimulationAgent.java:313)
	at core.SimulationAgent.start(SimulationAgent.java:112)
	at protopeer.Peer.startPeerlets(Peer.java:378)
	at protopeer.Peer.access$500(Peer.java:24)
	at protopeer.Peer$PeerNetworkListener.interfaceUp(Peer.java:70)
	at protopeer.network.NetworkInterface.fireInterfaceUp(NetworkInterface.java:137)
	at protopeer.network.NetworkInterface.bringUp(NetworkInterface.java:161)
	at protopeer.Peer.start(Peer.java:186)
	at protopeer.Experiment.startPeers(Experiment.java:205)
	at experiments.TestExperiment.main(TestExperiment.java:74)
[Sep 18 15:16:21] ERROR (NetworkInterface.java:141) - 
java.lang.NullPointerException
	at core.SimulationAgent.scheduleMeasurements(SimulationAgent.java:313)
	at core.SimulationAgent.start(SimulationAgent.java:112)
	at protopeer.Peer.startPeerlets(Peer.java:378)
	at protopeer.Peer.access$500(Peer.java:24)
	at protopeer.Peer$PeerNetworkListener.interfaceUp(Peer.java:70)
	at protopeer.network.NetworkInterface.fireInterfaceUp(NetworkInterface.java:137)
	at protopeer.network.NetworkInterface.bringUp(NetworkInterface.java:161)
	at protopeer.Peer.start(Peer.java:186)
	at protopeer.Experiment.startPeers(Experiment.java:205)
	at experiments.TestExperiment.main(TestExperiment.java:74)
[Sep 18 15:16:21] ERROR (NetworkInterface.java:141) - 
java.lang.NullPointerException
	at core.SimulationAgent.scheduleMeasurements(SimulationAgent.java:313)
	at core.SimulationAgent.start(SimulationAgent.java:112)
	at protopeer.Peer.startPeerlets(Peer.java:378)
	at protopeer.Peer.access$500(Peer.java:24)
	at protopeer.Peer$PeerNetworkListener.interfaceUp(Peer.java:70)
	at protopeer.network.NetworkInterface.fireInterfaceUp(NetworkInterface.java:137)
	at protopeer.network.NetworkInterface.bringUp(NetworkInterface.java:161)
	at protopeer.Peer.start(Peer.java:186)
	at protopeer.Experiment.startPeers(Experiment.java:205)
	at experiments.TestExperiment.main(TestExperiment.java:74)
[Sep 18 15:16:21] ERROR (NetworkInterface.java:141) - 
java.lang.NullPointerException
	at core.SimulationAgent.scheduleMeasurements(SimulationAgent.java:313)
	at core.SimulationAgent.start(SimulationAgent.java:112)
	at protopeer.Peer.startPeerlets(Peer.java:378)
	at protopeer.Peer.access$500(Peer.java:24)
	at protopeer.Peer$PeerNetworkListener.interfaceUp(Peer.java:70)
	at protopeer.network.NetworkInterface.fireInterfaceUp(NetworkInterface.java:137)
	at protopeer.network.NetworkInterface.bringUp(NetworkInterface.java:161)
	at protopeer.Peer.start(Peer.java:186)
	at protopeer.Experiment.startPeers(Experiment.java:205)
	at experiments.TestExperiment.main(TestExperiment.java:74)
[Sep 18 15:16:21] ERROR (NetworkInterface.java:141) - 
java.lang.NullPointerException
	at core.SimulationAgent.scheduleMeasurements(SimulationAgent.java:313)
	at core.SimulationAgent.start(SimulationAgent.java:112)
	at protopeer.Peer.startPeerlets(Peer.java:378)
	at protopeer.Peer.access$500(Peer.java:24)
	at protopeer.Peer$PeerNetworkListener.interfaceUp(Peer.java:70)
	at protopeer.network.NetworkInterface.fireInterfaceUp(NetworkInterface.java:137)
	at protopeer.network.NetworkInterface.bringUp(NetworkInterface.java:161)
	at protopeer.Peer.start(Peer.java:186)
	at protopeer.Experiment.startPeers(Experiment.java:205)
	at experiments.TestExperiment.main(TestExperiment.java:74)
[Sep 18 15:16:21] ERROR (NetworkInterface.java:141) - 
java.lang.NullPointerException
	at core.SimulationAgent.scheduleMeasurements(SimulationAgent.java:313)
	at core.SimulationAgent.start(SimulationAgent.java:112)
	at protopeer.Peer.startPeerlets(Peer.java:378)
	at protopeer.Peer.access$500(Peer.java:24)
	at protopeer.Peer$PeerNetworkListener.interfaceUp(Peer.java:70)
	at protopeer.network.NetworkInterface.fireInterfaceUp(NetworkInterface.java:137)
	at protopeer.network.NetworkInterface.bringUp(NetworkInterface.java:161)
	at protopeer.Peer.start(Peer.java:186)
	at protopeer.Experiment.startPeers(Experiment.java:205)
	at experiments.TestExperiment.main(TestExperiment.java:74)
[Sep 18 15:16:21] ERROR (NetworkInterface.java:141) - 
java.lang.NullPointerException
	at core.SimulationAgent.scheduleMeasurements(SimulationAgent.java:313)
	at core.SimulationAgent.start(SimulationAgent.java:112)
	at protopeer.Peer.startPeerlets(Peer.java:378)
	at protopeer.Peer.access$500(Peer.java:24)
	at protopeer.Peer$PeerNetworkListener.interfaceUp(Peer.java:70)
	at protopeer.network.NetworkInterface.fireInterfaceUp(NetworkInterface.java:137)
	at protopeer.network.NetworkInterface.bringUp(NetworkInterface.java:161)
	at protopeer.Peer.start(Peer.java:186)
	at protopeer.Experiment.startPeers(Experiment.java:205)
	at experiments.TestExperiment.main(TestExperiment.java:74)
[Sep 18 15:16:21] ERROR (NetworkInterface.java:141) - 
java.lang.NullPointerException
	at core.SimulationAgent.scheduleMeasurements(SimulationAgent.java:313)
	at core.SimulationAgent.start(SimulationAgent.java:112)
	at protopeer.Peer.startPeerlets(Peer.java:378)
	at protopeer.Peer.access$500(Peer.java:24)
	at protopeer.Peer$PeerNetworkListener.interfaceUp(Peer.java:70)
	at protopeer.network.NetworkInterface.fireInterfaceUp(NetworkInterface.java:137)
	at protopeer.network.NetworkInterface.bringUp(NetworkInterface.java:161)
	at protopeer.Peer.start(Peer.java:186)
	at protopeer.Experiment.startPeers(Experiment.java:205)
	at experiments.TestExperiment.main(TestExperiment.java:74)
[Sep 18 15:16:21] ERROR (NetworkInterface.java:141) - 
java.lang.NullPointerException
	at core.SimulationAgent.scheduleMeasurements(SimulationAgent.java:313)
	at core.SimulationAgent.start(SimulationAgent.java:112)
	at protopeer.Peer.startPeerlets(Peer.java:378)
	at protopeer.Peer.access$500(Peer.java:24)
	at protopeer.Peer$PeerNetworkListener.interfaceUp(Peer.java:70)
	at protopeer.network.NetworkInterface.fireInterfaceUp(NetworkInterface.java:137)
	at protopeer.network.NetworkInterface.bringUp(NetworkInterface.java:161)
	at protopeer.Peer.start(Peer.java:186)
	at protopeer.Experiment.startPeers(Experiment.java:205)
	at experiments.TestExperiment.main(TestExperiment.java:74)
[Sep 18 15:16:21] ERROR (NetworkInterface.java:141) - 
java.lang.NullPointerException
	at core.SimulationAgent.scheduleMeasurements(SimulationAgent.java:313)
	at core.SimulationAgent.start(SimulationAgent.java:112)
	at protopeer.Peer.startPeerlets(Peer.java:378)
	at protopeer.Peer.access$500(Peer.java:24)
	at protopeer.Peer$PeerNetworkListener.interfaceUp(Peer.java:70)
	at protopeer.network.NetworkInterface.fireInterfaceUp(NetworkInterface.java:137)
	at protopeer.network.NetworkInterface.bringUp(NetworkInterface.java:161)
	at protopeer.Peer.start(Peer.java:186)
	at protopeer.Experiment.startPeers(Experiment.java:205)
	at experiments.TestExperiment.main(TestExperiment.java:74)
[Sep 18 15:16:21] ERROR (NetworkInterface.java:141) - 
java.lang.NullPointerException
	at core.SimulationAgent.scheduleMeasurements(SimulationAgent.java:313)
	at core.SimulationAgent.start(SimulationAgent.java:112)
	at protopeer.Peer.startPeerlets(Peer.java:378)
	at protopeer.Peer.access$500(Peer.java:24)
	at protopeer.Peer$PeerNetworkListener.interfaceUp(Peer.java:70)
	at protopeer.network.NetworkInterface.fireInterfaceUp(NetworkInterface.java:137)
	at protopeer.network.NetworkInterface.bringUp(NetworkInterface.java:161)
	at protopeer.Peer.start(Peer.java:186)
	at protopeer.Experiment.startPeers(Experiment.java:205)
	at experiments.TestExperiment.main(TestExperiment.java:74)
[Sep 18 15:16:21] ERROR (NetworkInterface.java:141) - 
java.lang.NullPointerException
	at core.SimulationAgent.scheduleMeasurements(SimulationAgent.java:313)
	at core.SimulationAgent.start(SimulationAgent.java:112)
	at protopeer.Peer.startPeerlets(Peer.java:378)
	at protopeer.Peer.access$500(Peer.java:24)
	at protopeer.Peer$PeerNetworkListener.interfaceUp(Peer.java:70)
	at protopeer.network.NetworkInterface.fireInterfaceUp(NetworkInterface.java:137)
	at protopeer.network.NetworkInterface.bringUp(NetworkInterface.java:161)
	at protopeer.Peer.start(Peer.java:186)
	at protopeer.Experiment.startPeers(Experiment.java:205)
	at experiments.TestExperiment.main(TestExperiment.java:74)
[Sep 18 15:16:21] ERROR (NetworkInterface.java:141) - 
java.lang.NullPointerException
	at core.SimulationAgent.scheduleMeasurements(SimulationAgent.java:313)
	at core.SimulationAgent.start(SimulationAgent.java:112)
	at protopeer.Peer.startPeerlets(Peer.java:378)
	at protopeer.Peer.access$500(Peer.java:24)
	at protopeer.Peer$PeerNetworkListener.interfaceUp(Peer.java:70)
	at protopeer.network.NetworkInterface.fireInterfaceUp(NetworkInterface.java:137)
	at protopeer.network.NetworkInterface.bringUp(NetworkInterface.java:161)
	at protopeer.Peer.start(Peer.java:186)
	at protopeer.Experiment.startPeers(Experiment.java:205)
	at experiments.TestExperiment.main(TestExperiment.java:74)
[Sep 18 15:16:21] ERROR (NetworkInterface.java:141) - 
java.lang.NullPointerException
	at core.SimulationAgent.scheduleMeasurements(SimulationAgent.java:313)
	at core.SimulationAgent.start(SimulationAgent.java:112)
	at protopeer.Peer.startPeerlets(Peer.java:378)
	at protopeer.Peer.access$500(Peer.java:24)
	at protopeer.Peer$PeerNetworkListener.interfaceUp(Peer.java:70)
	at protopeer.network.NetworkInterface.fireInterfaceUp(NetworkInterface.java:137)
	at protopeer.network.NetworkInterface.bringUp(NetworkInterface.java:161)
	at protopeer.Peer.start(Peer.java:186)
	at protopeer.Experiment.startPeers(Experiment.java:205)
	at experiments.TestExperiment.main(TestExperiment.java:74)
[Sep 18 15:16:21] ERROR (NetworkInterface.java:141) - 
java.lang.NullPointerException
	at core.SimulationAgent.scheduleMeasurements(SimulationAgent.java:313)
	at core.SimulationAgent.start(SimulationAgent.java:112)
	at protopeer.Peer.startPeerlets(Peer.java:378)
	at protopeer.Peer.access$500(Peer.java:24)
	at protopeer.Peer$PeerNetworkListener.interfaceUp(Peer.java:70)
	at protopeer.network.NetworkInterface.fireInterfaceUp(NetworkInterface.java:137)
	at protopeer.network.NetworkInterface.bringUp(NetworkInterface.java:161)
	at protopeer.Peer.start(Peer.java:186)
	at protopeer.Experiment.startPeers(Experiment.java:205)
	at experiments.TestExperiment.main(TestExperiment.java:74)
[Sep 18 15:16:21] ERROR (NetworkInterface.java:141) - 
java.lang.NullPointerException
	at core.SimulationAgent.scheduleMeasurements(SimulationAgent.java:313)
	at core.SimulationAgent.start(SimulationAgent.java:112)
	at protopeer.Peer.startPeerlets(Peer.java:378)
	at protopeer.Peer.access$500(Peer.java:24)
	at protopeer.Peer$PeerNetworkListener.interfaceUp(Peer.java:70)
	at protopeer.network.NetworkInterface.fireInterfaceUp(NetworkInterface.java:137)
	at protopeer.network.NetworkInterface.bringUp(NetworkInterface.java:161)
	at protopeer.Peer.start(Peer.java:186)
	at protopeer.Experiment.startPeers(Experiment.java:205)
	at experiments.TestExperiment.main(TestExperiment.java:74)
[Sep 18 15:16:21] ERROR (NetworkInterface.java:141) - 
java.lang.NullPointerException
	at core.SimulationAgent.scheduleMeasurements(SimulationAgent.java:313)
	at core.SimulationAgent.start(SimulationAgent.java:112)
	at protopeer.Peer.startPeerlets(Peer.java:378)
	at protopeer.Peer.access$500(Peer.java:24)
	at protopeer.Peer$PeerNetworkListener.interfaceUp(Peer.java:70)
	at protopeer.network.NetworkInterface.fireInterfaceUp(NetworkInterface.java:137)
	at protopeer.network.NetworkInterface.bringUp(NetworkInterface.java:161)
	at protopeer.Peer.start(Peer.java:186)
	at protopeer.Experiment.startPeers(Experiment.java:205)
	at experiments.TestExperiment.main(TestExperiment.java:74)
[Sep 18 15:16:21] ERROR (NetworkInterface.java:141) - 
java.lang.NullPointerException
	at core.SimulationAgent.scheduleMeasurements(SimulationAgent.java:313)
	at core.SimulationAgent.start(SimulationAgent.java:112)
	at protopeer.Peer.startPeerlets(Peer.java:378)
	at protopeer.Peer.access$500(Peer.java:24)
	at protopeer.Peer$PeerNetworkListener.interfaceUp(Peer.java:70)
	at protopeer.network.NetworkInterface.fireInterfaceUp(NetworkInterface.java:137)
	at protopeer.network.NetworkInterface.bringUp(NetworkInterface.java:161)
	at protopeer.Peer.start(Peer.java:186)
	at protopeer.Experiment.startPeers(Experiment.java:205)
	at experiments.TestExperiment.main(TestExperiment.java:74)
[Sep 18 15:16:21] ERROR (NetworkInterface.java:141) - 
java.lang.NullPointerException
	at core.SimulationAgent.scheduleMeasurements(SimulationAgent.java:313)
	at core.SimulationAgent.start(SimulationAgent.java:112)
	at protopeer.Peer.startPeerlets(Peer.java:378)
	at protopeer.Peer.access$500(Peer.java:24)
	at protopeer.Peer$PeerNetworkListener.interfaceUp(Peer.java:70)
	at protopeer.network.NetworkInterface.fireInterfaceUp(NetworkInterface.java:137)
	at protopeer.network.NetworkInterface.bringUp(NetworkInterface.java:161)
	at protopeer.Peer.start(Peer.java:186)
	at protopeer.Experiment.startPeers(Experiment.java:205)
	at experiments.TestExperiment.main(TestExperiment.java:74)
[Sep 18 15:16:21] ERROR (NetworkInterface.java:141) - 
java.lang.NullPointerException
	at core.SimulationAgent.scheduleMeasurements(SimulationAgent.java:313)
	at core.SimulationAgent.start(SimulationAgent.java:112)
	at protopeer.Peer.startPeerlets(Peer.java:378)
	at protopeer.Peer.access$500(Peer.java:24)
	at protopeer.Peer$PeerNetworkListener.interfaceUp(Peer.java:70)
	at protopeer.network.NetworkInterface.fireInterfaceUp(NetworkInterface.java:137)
	at protopeer.network.NetworkInterface.bringUp(NetworkInterface.java:161)
	at protopeer.Peer.start(Peer.java:186)
	at protopeer.Experiment.startPeers(Experiment.java:205)
	at experiments.TestExperiment.main(TestExperiment.java:74)
[Sep 18 15:16:21] ERROR (NetworkInterface.java:141) - 
java.lang.NullPointerException
	at core.SimulationAgent.scheduleMeasurements(SimulationAgent.java:313)
	at core.SimulationAgent.start(SimulationAgent.java:112)
	at protopeer.Peer.startPeerlets(Peer.java:378)
	at protopeer.Peer.access$500(Peer.java:24)
	at protopeer.Peer$PeerNetworkListener.interfaceUp(Peer.java:70)
	at protopeer.network.NetworkInterface.fireInterfaceUp(NetworkInterface.java:137)
	at protopeer.network.NetworkInterface.bringUp(NetworkInterface.java:161)
	at protopeer.Peer.start(Peer.java:186)
	at protopeer.Experiment.startPeers(Experiment.java:205)
	at experiments.TestExperiment.main(TestExperiment.java:74)
[Sep 18 15:16:21] ERROR (NetworkInterface.java:141) - 
java.lang.NullPointerException
	at core.SimulationAgent.scheduleMeasurements(SimulationAgent.java:313)
	at core.SimulationAgent.start(SimulationAgent.java:112)
	at protopeer.Peer.startPeerlets(Peer.java:378)
	at protopeer.Peer.access$500(Peer.java:24)
	at protopeer.Peer$PeerNetworkListener.interfaceUp(Peer.java:70)
	at protopeer.network.NetworkInterface.fireInterfaceUp(NetworkInterface.java:137)
	at protopeer.network.NetworkInterface.bringUp(NetworkInterface.java:161)
	at protopeer.Peer.start(Peer.java:186)
	at protopeer.Experiment.startPeers(Experiment.java:205)
	at experiments.TestExperiment.main(TestExperiment.java:74)
[Sep 18 15:16:21] ERROR (NetworkInterface.java:141) - 
java.lang.NullPointerException
	at core.SimulationAgent.scheduleMeasurements(SimulationAgent.java:313)
	at core.SimulationAgent.start(SimulationAgent.java:112)
	at protopeer.Peer.startPeerlets(Peer.java:378)
	at protopeer.Peer.access$500(Peer.java:24)
	at protopeer.Peer$PeerNetworkListener.interfaceUp(Peer.java:70)
	at protopeer.network.NetworkInterface.fireInterfaceUp(NetworkInterface.java:137)
	at protopeer.network.NetworkInterface.bringUp(NetworkInterface.java:161)
	at protopeer.Peer.start(Peer.java:186)
	at protopeer.Experiment.startPeers(Experiment.java:205)
	at experiments.TestExperiment.main(TestExperiment.java:74)
[Sep 18 15:16:21] ERROR (NetworkInterface.java:141) - 
java.lang.NullPointerException
	at core.SimulationAgent.scheduleMeasurements(SimulationAgent.java:313)
	at core.SimulationAgent.start(SimulationAgent.java:112)
	at protopeer.Peer.startPeerlets(Peer.java:378)
	at protopeer.Peer.access$500(Peer.java:24)
	at protopeer.Peer$PeerNetworkListener.interfaceUp(Peer.java:70)
	at protopeer.network.NetworkInterface.fireInterfaceUp(NetworkInterface.java:137)
	at protopeer.network.NetworkInterface.bringUp(NetworkInterface.java:161)
	at protopeer.Peer.start(Peer.java:186)
	at protopeer.Experiment.startPeers(Experiment.java:205)
	at experiments.TestExperiment.main(TestExperiment.java:74)
[Sep 18 15:16:21] ERROR (NetworkInterface.java:141) - 
java.lang.NullPointerException
	at core.SimulationAgent.scheduleMeasurements(SimulationAgent.java:313)
	at core.SimulationAgent.start(SimulationAgent.java:112)
	at protopeer.Peer.startPeerlets(Peer.java:378)
	at protopeer.Peer.access$500(Peer.java:24)
	at protopeer.Peer$PeerNetworkListener.interfaceUp(Peer.java:70)
	at protopeer.network.NetworkInterface.fireInterfaceUp(NetworkInterface.java:137)
	at protopeer.network.NetworkInterface.bringUp(NetworkInterface.java:161)
	at protopeer.Peer.start(Peer.java:186)
	at protopeer.Experiment.startPeers(Experiment.java:205)
	at experiments.TestExperiment.main(TestExperiment.java:74)
[Sep 18 15:16:21] ERROR (NetworkInterface.java:141) - 
java.lang.NullPointerException
	at core.SimulationAgent.scheduleMeasurements(SimulationAgent.java:313)
	at core.SimulationAgent.start(SimulationAgent.java:112)
	at protopeer.Peer.startPeerlets(Peer.java:378)
	at protopeer.Peer.access$500(Peer.java:24)
	at protopeer.Peer$PeerNetworkListener.interfaceUp(Peer.java:70)
	at protopeer.network.NetworkInterface.fireInterfaceUp(NetworkInterface.java:137)
	at protopeer.network.NetworkInterface.bringUp(NetworkInterface.java:161)
	at protopeer.Peer.start(Peer.java:186)
	at protopeer.Experiment.startPeers(Experiment.java:205)
	at experiments.TestExperiment.main(TestExperiment.java:74)
[Sep 18 15:16:21] ERROR (NetworkInterface.java:141) - 
java.lang.NullPointerException
	at core.SimulationAgent.scheduleMeasurements(SimulationAgent.java:313)
	at core.SimulationAgent.start(SimulationAgent.java:112)
	at protopeer.Peer.startPeerlets(Peer.java:378)
	at protopeer.Peer.access$500(Peer.java:24)
	at protopeer.Peer$PeerNetworkListener.interfaceUp(Peer.java:70)
	at protopeer.network.NetworkInterface.fireInterfaceUp(NetworkInterface.java:137)
	at protopeer.network.NetworkInterface.bringUp(NetworkInterface.java:161)
	at protopeer.Peer.start(Peer.java:186)
	at protopeer.Experiment.startPeers(Experiment.java:205)
	at experiments.TestExperiment.main(TestExperiment.java:74)
[Sep 18 15:16:21] ERROR (NetworkInterface.java:141) - 
java.lang.NullPointerException
	at core.SimulationAgent.scheduleMeasurements(SimulationAgent.java:313)
	at core.SimulationAgent.start(SimulationAgent.java:112)
	at protopeer.Peer.startPeerlets(Peer.java:378)
	at protopeer.Peer.access$500(Peer.java:24)
	at protopeer.Peer$PeerNetworkListener.interfaceUp(Peer.java:70)
	at protopeer.network.NetworkInterface.fireInterfaceUp(NetworkInterface.java:137)
	at protopeer.network.NetworkInterface.bringUp(NetworkInterface.java:161)
	at protopeer.Peer.start(Peer.java:186)
	at protopeer.Experiment.startPeers(Experiment.java:205)
	at experiments.TestExperiment.main(TestExperiment.java:74)
[Sep 18 15:16:21] ERROR (NetworkInterface.java:141) - 
java.lang.NullPointerException
	at core.SimulationAgent.scheduleMeasurements(SimulationAgent.java:313)
	at core.SimulationAgent.start(SimulationAgent.java:112)
	at protopeer.Peer.startPeerlets(Peer.java:378)
	at protopeer.Peer.access$500(Peer.java:24)
	at protopeer.Peer$PeerNetworkListener.interfaceUp(Peer.java:70)
	at protopeer.network.NetworkInterface.fireInterfaceUp(NetworkInterface.java:137)
	at protopeer.network.NetworkInterface.bringUp(NetworkInterface.java:161)
	at protopeer.Peer.start(Peer.java:186)
	at protopeer.Experiment.startPeers(Experiment.java:205)
	at experiments.TestExperiment.main(TestExperiment.java:74)
[Sep 18 15:16:21] ERROR (NetworkInterface.java:141) - 
java.lang.NullPointerException
	at core.SimulationAgent.scheduleMeasurements(SimulationAgent.java:313)
	at core.SimulationAgent.start(SimulationAgent.java:112)
	at protopeer.Peer.startPeerlets(Peer.java:378)
	at protopeer.Peer.access$500(Peer.java:24)
	at protopeer.Peer$PeerNetworkListener.interfaceUp(Peer.java:70)
	at protopeer.network.NetworkInterface.fireInterfaceUp(NetworkInterface.java:137)
	at protopeer.network.NetworkInterface.bringUp(NetworkInterface.java:161)
	at protopeer.Peer.start(Peer.java:186)
	at protopeer.Experiment.startPeers(Experiment.java:205)
	at experiments.TestExperiment.main(TestExperiment.java:74)
[Sep 18 15:16:21] ERROR (NetworkInterface.java:141) - 
java.lang.NullPointerException
	at core.SimulationAgent.scheduleMeasurements(SimulationAgent.java:313)
	at core.SimulationAgent.start(SimulationAgent.java:112)
	at protopeer.Peer.startPeerlets(Peer.java:378)
	at protopeer.Peer.access$500(Peer.java:24)
	at protopeer.Peer$PeerNetworkListener.interfaceUp(Peer.java:70)
	at protopeer.network.NetworkInterface.fireInterfaceUp(NetworkInterface.java:137)
	at protopeer.network.NetworkInterface.bringUp(NetworkInterface.java:161)
	at protopeer.Peer.start(Peer.java:186)
	at protopeer.Experiment.startPeers(Experiment.java:205)
	at experiments.TestExperiment.main(TestExperiment.java:74)
[Sep 18 15:16:21] ERROR (NetworkInterface.java:141) - 
java.lang.NullPointerException
	at core.SimulationAgent.scheduleMeasurements(SimulationAgent.java:313)
	at core.SimulationAgent.start(SimulationAgent.java:112)
	at protopeer.Peer.startPeerlets(Peer.java:378)
	at protopeer.Peer.access$500(Peer.java:24)
	at protopeer.Peer$PeerNetworkListener.interfaceUp(Peer.java:70)
	at protopeer.network.NetworkInterface.fireInterfaceUp(NetworkInterface.java:137)
	at protopeer.network.NetworkInterface.bringUp(NetworkInterface.java:161)
	at protopeer.Peer.start(Peer.java:186)
	at protopeer.Experiment.startPeers(Experiment.java:205)
	at experiments.TestExperiment.main(TestExperiment.java:74)
[Sep 18 15:16:21] ERROR (NetworkInterface.java:141) - 
java.lang.NullPointerException
	at core.SimulationAgent.scheduleMeasurements(SimulationAgent.java:313)
	at core.SimulationAgent.start(SimulationAgent.java:112)
	at protopeer.Peer.startPeerlets(Peer.java:378)
	at protopeer.Peer.access$500(Peer.java:24)
	at protopeer.Peer$PeerNetworkListener.interfaceUp(Peer.java:70)
	at protopeer.network.NetworkInterface.fireInterfaceUp(NetworkInterface.java:137)
	at protopeer.network.NetworkInterface.bringUp(NetworkInterface.java:161)
	at protopeer.Peer.start(Peer.java:186)
	at protopeer.Experiment.startPeers(Experiment.java:205)
	at experiments.TestExperiment.main(TestExperiment.java:74)
[Sep 18 15:16:21] ERROR (NetworkInterface.java:141) - 
java.lang.NullPointerException
	at core.SimulationAgent.scheduleMeasurements(SimulationAgent.java:313)
	at core.SimulationAgent.start(SimulationAgent.java:112)
	at protopeer.Peer.startPeerlets(Peer.java:378)
	at protopeer.Peer.access$500(Peer.java:24)
	at protopeer.Peer$PeerNetworkListener.interfaceUp(Peer.java:70)
	at protopeer.network.NetworkInterface.fireInterfaceUp(NetworkInterface.java:137)
	at protopeer.network.NetworkInterface.bringUp(NetworkInterface.java:161)
	at protopeer.Peer.start(Peer.java:186)
	at protopeer.Experiment.startPeers(Experiment.java:205)
	at experiments.TestExperiment.main(TestExperiment.java:74)
[Sep 18 15:16:21] ERROR (NetworkInterface.java:141) - 
java.lang.NullPointerException
	at core.SimulationAgent.scheduleMeasurements(SimulationAgent.java:313)
	at core.SimulationAgent.start(SimulationAgent.java:112)
	at protopeer.Peer.startPeerlets(Peer.java:378)
	at protopeer.Peer.access$500(Peer.java:24)
	at protopeer.Peer$PeerNetworkListener.interfaceUp(Peer.java:70)
	at protopeer.network.NetworkInterface.fireInterfaceUp(NetworkInterface.java:137)
	at protopeer.network.NetworkInterface.bringUp(NetworkInterface.java:161)
	at protopeer.Peer.start(Peer.java:186)
	at protopeer.Experiment.startPeers(Experiment.java:205)
	at experiments.TestExperiment.main(TestExperiment.java:74)
[Sep 18 15:16:21] ERROR (NetworkInterface.java:141) - 
java.lang.NullPointerException
	at core.SimulationAgent.scheduleMeasurements(SimulationAgent.java:313)
	at core.SimulationAgent.start(SimulationAgent.java:112)
	at protopeer.Peer.startPeerlets(Peer.java:378)
	at protopeer.Peer.access$500(Peer.java:24)
	at protopeer.Peer$PeerNetworkListener.interfaceUp(Peer.java:70)
	at protopeer.network.NetworkInterface.fireInterfaceUp(NetworkInterface.java:137)
	at protopeer.network.NetworkInterface.bringUp(NetworkInterface.java:161)
	at protopeer.Peer.start(Peer.java:186)
	at protopeer.Experiment.startPeers(Experiment.java:205)
	at experiments.TestExperiment.main(TestExperiment.java:74)
[Sep 18 15:16:21] ERROR (NetworkInterface.java:141) - 
java.lang.NullPointerException
	at core.SimulationAgent.scheduleMeasurements(SimulationAgent.java:313)
	at core.SimulationAgent.start(SimulationAgent.java:112)
	at protopeer.Peer.startPeerlets(Peer.java:378)
	at protopeer.Peer.access$500(Peer.java:24)
	at protopeer.Peer$PeerNetworkListener.interfaceUp(Peer.java:70)
	at protopeer.network.NetworkInterface.fireInterfaceUp(NetworkInterface.java:137)
	at protopeer.network.NetworkInterface.bringUp(NetworkInterface.java:161)
	at protopeer.Peer.start(Peer.java:186)
	at protopeer.Experiment.startPeers(Experiment.java:205)
	at experiments.TestExperiment.main(TestExperiment.java:74)
[Sep 18 15:16:21] ERROR (NetworkInterface.java:141) - 
java.lang.NullPointerException
	at core.SimulationAgent.scheduleMeasurements(SimulationAgent.java:313)
	at core.SimulationAgent.start(SimulationAgent.java:112)
	at protopeer.Peer.startPeerlets(Peer.java:378)
	at protopeer.Peer.access$500(Peer.java:24)
	at protopeer.Peer$PeerNetworkListener.interfaceUp(Peer.java:70)
	at protopeer.network.NetworkInterface.fireInterfaceUp(NetworkInterface.java:137)
	at protopeer.network.NetworkInterface.bringUp(NetworkInterface.java:161)
	at protopeer.Peer.start(Peer.java:186)
	at protopeer.Experiment.startPeers(Experiment.java:205)
	at experiments.TestExperiment.main(TestExperiment.java:74)
[Sep 18 15:16:21] ERROR (NetworkInterface.java:141) - 
java.lang.NullPointerException
	at core.SimulationAgent.scheduleMeasurements(SimulationAgent.java:313)
	at core.SimulationAgent.start(SimulationAgent.java:112)
	at protopeer.Peer.startPeerlets(Peer.java:378)
	at protopeer.Peer.access$500(Peer.java:24)
	at protopeer.Peer$PeerNetworkListener.interfaceUp(Peer.java:70)
	at protopeer.network.NetworkInterface.fireInterfaceUp(NetworkInterface.java:137)
	at protopeer.network.NetworkInterface.bringUp(NetworkInterface.java:161)
	at protopeer.Peer.start(Peer.java:186)
	at protopeer.Experiment.startPeers(Experiment.java:205)
	at experiments.TestExperiment.main(TestExperiment.java:74)
[Sep 18 15:16:21] ERROR (NetworkInterface.java:141) - 
java.lang.NullPointerException
	at core.SimulationAgent.scheduleMeasurements(SimulationAgent.java:313)
	at core.SimulationAgent.start(SimulationAgent.java:112)
	at protopeer.Peer.startPeerlets(Peer.java:378)
	at protopeer.Peer.access$500(Peer.java:24)
	at protopeer.Peer$PeerNetworkListener.interfaceUp(Peer.java:70)
	at protopeer.network.NetworkInterface.fireInterfaceUp(NetworkInterface.java:137)
	at protopeer.network.NetworkInterface.bringUp(NetworkInterface.java:161)
	at protopeer.Peer.start(Peer.java:186)
	at protopeer.Experiment.startPeers(Experiment.java:205)
	at experiments.TestExperiment.main(TestExperiment.java:74)
[Sep 18 15:16:21] ERROR (NetworkInterface.java:141) - 
java.lang.NullPointerException
	at core.SimulationAgent.scheduleMeasurements(SimulationAgent.java:313)
	at core.SimulationAgent.start(SimulationAgent.java:112)
	at protopeer.Peer.startPeerlets(Peer.java:378)
	at protopeer.Peer.access$500(Peer.java:24)
	at protopeer.Peer$PeerNetworkListener.interfaceUp(Peer.java:70)
	at protopeer.network.NetworkInterface.fireInterfaceUp(NetworkInterface.java:137)
	at protopeer.network.NetworkInterface.bringUp(NetworkInterface.java:161)
	at protopeer.Peer.start(Peer.java:186)
	at protopeer.Experiment.startPeers(Experiment.java:205)
	at experiments.TestExperiment.main(TestExperiment.java:74)
[Sep 18 15:16:21] ERROR (NetworkInterface.java:141) - 
java.lang.NullPointerException
	at core.SimulationAgent.scheduleMeasurements(SimulationAgent.java:313)
	at core.SimulationAgent.start(SimulationAgent.java:112)
	at protopeer.Peer.startPeerlets(Peer.java:378)
	at protopeer.Peer.access$500(Peer.java:24)
	at protopeer.Peer$PeerNetworkListener.interfaceUp(Peer.java:70)
	at protopeer.network.NetworkInterface.fireInterfaceUp(NetworkInterface.java:137)
	at protopeer.network.NetworkInterface.bringUp(NetworkInterface.java:161)
	at protopeer.Peer.start(Peer.java:186)
	at protopeer.Experiment.startPeers(Experiment.java:205)
	at experiments.TestExperiment.main(TestExperiment.java:74)
[Sep 18 15:16:21] ERROR (NetworkInterface.java:141) - 
java.lang.NullPointerException
	at core.SimulationAgent.scheduleMeasurements(SimulationAgent.java:313)
	at core.SimulationAgent.start(SimulationAgent.java:112)
	at protopeer.Peer.startPeerlets(Peer.java:378)
	at protopeer.Peer.access$500(Peer.java:24)
	at protopeer.Peer$PeerNetworkListener.interfaceUp(Peer.java:70)
	at protopeer.network.NetworkInterface.fireInterfaceUp(NetworkInterface.java:137)
	at protopeer.network.NetworkInterface.bringUp(NetworkInterface.java:161)
	at protopeer.Peer.start(Peer.java:186)
	at protopeer.Experiment.startPeers(Experiment.java:205)
	at experiments.TestExperiment.main(TestExperiment.java:74)
[Sep 18 15:16:21] ERROR (NetworkInterface.java:141) - 
java.lang.NullPointerException
	at core.SimulationAgent.scheduleMeasurements(SimulationAgent.java:313)
	at core.SimulationAgent.start(SimulationAgent.java:112)
	at protopeer.Peer.startPeerlets(Peer.java:378)
	at protopeer.Peer.access$500(Peer.java:24)
	at protopeer.Peer$PeerNetworkListener.interfaceUp(Peer.java:70)
	at protopeer.network.NetworkInterface.fireInterfaceUp(NetworkInterface.java:137)
	at protopeer.network.NetworkInterface.bringUp(NetworkInterface.java:161)
	at protopeer.Peer.start(Peer.java:186)
	at protopeer.Experiment.startPeers(Experiment.java:205)
	at experiments.TestExperiment.main(TestExperiment.java:74)
[Sep 18 15:16:21] ERROR (NetworkInterface.java:141) - 
java.lang.NullPointerException
	at core.SimulationAgent.scheduleMeasurements(SimulationAgent.java:313)
	at core.SimulationAgent.start(SimulationAgent.java:112)
	at protopeer.Peer.startPeerlets(Peer.java:378)
	at protopeer.Peer.access$500(Peer.java:24)
	at protopeer.Peer$PeerNetworkListener.interfaceUp(Peer.java:70)
	at protopeer.network.NetworkInterface.fireInterfaceUp(NetworkInterface.java:137)
	at protopeer.network.NetworkInterface.bringUp(NetworkInterface.java:161)
	at protopeer.Peer.start(Peer.java:186)
	at protopeer.Experiment.startPeers(Experiment.java:205)
	at experiments.TestExperiment.main(TestExperiment.java:74)
[Sep 18 15:16:21] ERROR (NetworkInterface.java:141) - 
java.lang.NullPointerException
	at core.SimulationAgent.scheduleMeasurements(SimulationAgent.java:313)
	at core.SimulationAgent.start(SimulationAgent.java:112)
	at protopeer.Peer.startPeerlets(Peer.java:378)
	at protopeer.Peer.access$500(Peer.java:24)
	at protopeer.Peer$PeerNetworkListener.interfaceUp(Peer.java:70)
	at protopeer.network.NetworkInterface.fireInterfaceUp(NetworkInterface.java:137)
	at protopeer.network.NetworkInterface.bringUp(NetworkInterface.java:161)
	at protopeer.Peer.start(Peer.java:186)
	at protopeer.Experiment.startPeers(Experiment.java:205)
	at experiments.TestExperiment.main(TestExperiment.java:74)
[Sep 18 15:16:21] ERROR (NetworkInterface.java:141) - 
java.lang.NullPointerException
	at core.SimulationAgent.scheduleMeasurements(SimulationAgent.java:313)
	at core.SimulationAgent.start(SimulationAgent.java:112)
	at protopeer.Peer.startPeerlets(Peer.java:378)
	at protopeer.Peer.access$500(Peer.java:24)
	at protopeer.Peer$PeerNetworkListener.interfaceUp(Peer.java:70)
	at protopeer.network.NetworkInterface.fireInterfaceUp(NetworkInterface.java:137)
	at protopeer.network.NetworkInterface.bringUp(NetworkInterface.java:161)
	at protopeer.Peer.start(Peer.java:186)
	at protopeer.Experiment.startPeers(Experiment.java:205)
	at experiments.TestExperiment.main(TestExperiment.java:74)
[Sep 18 15:16:21] ERROR (NetworkInterface.java:141) - 
java.lang.NullPointerException
	at core.SimulationAgent.scheduleMeasurements(SimulationAgent.java:313)
	at core.SimulationAgent.start(SimulationAgent.java:112)
	at protopeer.Peer.startPeerlets(Peer.java:378)
	at protopeer.Peer.access$500(Peer.java:24)
	at protopeer.Peer$PeerNetworkListener.interfaceUp(Peer.java:70)
	at protopeer.network.NetworkInterface.fireInterfaceUp(NetworkInterface.java:137)
	at protopeer.network.NetworkInterface.bringUp(NetworkInterface.java:161)
	at protopeer.Peer.start(Peer.java:186)
	at protopeer.Experiment.startPeers(Experiment.java:205)
	at experiments.TestExperiment.main(TestExperiment.java:74)
[Sep 18 15:16:21] ERROR (NetworkInterface.java:141) - 
java.lang.NullPointerException
	at core.SimulationAgent.scheduleMeasurements(SimulationAgent.java:313)
	at core.SimulationAgent.start(SimulationAgent.java:112)
	at protopeer.Peer.startPeerlets(Peer.java:378)
	at protopeer.Peer.access$500(Peer.java:24)
	at protopeer.Peer$PeerNetworkListener.interfaceUp(Peer.java:70)
	at protopeer.network.NetworkInterface.fireInterfaceUp(NetworkInterface.java:137)
	at protopeer.network.NetworkInterface.bringUp(NetworkInterface.java:161)
	at protopeer.Peer.start(Peer.java:186)
	at protopeer.Experiment.startPeers(Experiment.java:205)
	at experiments.TestExperiment.main(TestExperiment.java:74)
[Sep 18 15:16:21] ERROR (NetworkInterface.java:141) - 
java.lang.NullPointerException
	at core.SimulationAgent.scheduleMeasurements(SimulationAgent.java:313)
	at core.SimulationAgent.start(SimulationAgent.java:112)
	at protopeer.Peer.startPeerlets(Peer.java:378)
	at protopeer.Peer.access$500(Peer.java:24)
	at protopeer.Peer$PeerNetworkListener.interfaceUp(Peer.java:70)
	at protopeer.network.NetworkInterface.fireInterfaceUp(NetworkInterface.java:137)
	at protopeer.network.NetworkInterface.bringUp(NetworkInterface.java:161)
	at protopeer.Peer.start(Peer.java:186)
	at protopeer.Experiment.startPeers(Experiment.java:205)
	at experiments.TestExperiment.main(TestExperiment.java:74)
[Sep 18 15:16:21] ERROR (NetworkInterface.java:141) - 
java.lang.NullPointerException
	at core.SimulationAgent.scheduleMeasurements(SimulationAgent.java:313)
	at core.SimulationAgent.start(SimulationAgent.java:112)
	at protopeer.Peer.startPeerlets(Peer.java:378)
	at protopeer.Peer.access$500(Peer.java:24)
	at protopeer.Peer$PeerNetworkListener.interfaceUp(Peer.java:70)
	at protopeer.network.NetworkInterface.fireInterfaceUp(NetworkInterface.java:137)
	at protopeer.network.NetworkInterface.bringUp(NetworkInterface.java:161)
	at protopeer.Peer.start(Peer.java:186)
	at protopeer.Experiment.startPeers(Experiment.java:205)
	at experiments.TestExperiment.main(TestExperiment.java:74)
[Sep 18 15:16:21] ERROR (NetworkInterface.java:141) - 
java.lang.NullPointerException
	at core.SimulationAgent.scheduleMeasurements(SimulationAgent.java:313)
	at core.SimulationAgent.start(SimulationAgent.java:112)
	at protopeer.Peer.startPeerlets(Peer.java:378)
	at protopeer.Peer.access$500(Peer.java:24)
	at protopeer.Peer$PeerNetworkListener.interfaceUp(Peer.java:70)
	at protopeer.network.NetworkInterface.fireInterfaceUp(NetworkInterface.java:137)
	at protopeer.network.NetworkInterface.bringUp(NetworkInterface.java:161)
	at protopeer.Peer.start(Peer.java:186)
	at protopeer.Experiment.startPeers(Experiment.java:205)
	at experiments.TestExperiment.main(TestExperiment.java:74)
[Sep 18 15:16:21] ERROR (NetworkInterface.java:141) - 
>>>>>>> bca328a0595c51d1961d5aae3ee73bd731d9da79
java.lang.NullPointerException
	at core.SimulationAgent.scheduleMeasurements(SimulationAgent.java:313)
	at core.SimulationAgent.start(SimulationAgent.java:112)
	at protopeer.Peer.startPeerlets(Peer.java:378)
	at protopeer.Peer.access$500(Peer.java:24)
	at protopeer.Peer$PeerNetworkListener.interfaceUp(Peer.java:70)
	at protopeer.network.NetworkInterface.fireInterfaceUp(NetworkInterface.java:137)
	at protopeer.network.NetworkInterface.bringUp(NetworkInterface.java:161)
	at protopeer.Peer.start(Peer.java:186)
	at protopeer.Experiment.startPeers(Experiment.java:205)
	at experiments.TestExperiment.main(TestExperiment.java:74)
